<?xml version="1.0" encoding="UTF-8"?>
<!-- Generated by org.testng.reporters.JUnitReportReporter -->
<testsuite name="com.seleniumFramework.loginPage.LoginTest" tests="1" time="16.751" ignored="0" failures="0" timestamp="07 Oct 2019 02:51:52 GMT" skipped="0" hostname="Home-PC" errors="0">
  <testcase name="testLoginToApplication" time="16.751" classname="com.seleniumFramework.loginPage.LoginTest"/>
</testsuite> <!-- com.seleniumFramework.loginPage.LoginTest -->
