<?xml version="1.0" encoding="UTF-8"?>
<!-- Generated by org.testng.reporters.JUnitReportReporter -->
<testsuite name="com.seleniumFramework.productDetailsPage.VerifyLowestFirstPriceFilter" tests="1" time="14.549" ignored="0" failures="0" timestamp="28 Sep 2019 02:08:11 GMT" skipped="0" hostname="Home-PC" errors="0">
  <testcase name="verifyLowestFirstPriceListInProduct_deatilsPage" time="14.549" classname="com.seleniumFramework.productDetailsPage.VerifyLowestFirstPriceFilter"/>
</testsuite> <!-- com.seleniumFramework.productDetailsPage.VerifyLowestFirstPriceFilter -->
