<?xml version="1.0" encoding="UTF-8"?>
<!-- Generated by org.testng.reporters.JUnitReportReporter -->
<testsuite name="com.seleniumFramework.loginPage.LoginTest" tests="1" time="19.519" ignored="0" failures="0" timestamp="28 Sep 2019 01:35:13 GMT" skipped="0" hostname="Home-PC" errors="0">
  <testcase name="testLoginToApplication" time="19.519" classname="com.seleniumFramework.loginPage.LoginTest"/>
</testsuite> <!-- com.seleniumFramework.loginPage.LoginTest -->
