<?xml version="1.0" encoding="UTF-8"?>
<!-- Generated by org.testng.reporters.JUnitReportReporter -->
<testsuite name="com.seleniumFramework.homepage.TestDataDrivenScript" tests="3" time="0.009" ignored="1" failures="0" timestamp="05 Oct 2019 06:16:51 GMT" skipped="0" hostname="Home-PC" errors="0">
  <testcase name="testLogin" time="0.008" classname="com.seleniumFramework.homepage.TestDataDrivenScript"/>
  <testcase name="testLogin" time="0.000" classname="com.seleniumFramework.homepage.TestDataDrivenScript"/>
  <testcase name="testLogin" time="0.001" classname="com.seleniumFramework.homepage.TestDataDrivenScript"/>
  <testcase name="launchBrowser" classname="com.seleniumFramework.testBase.TestBase">
    <skipped/>
  </testcase> <!-- launchBrowser -->
</testsuite> <!-- com.seleniumFramework.homepage.TestDataDrivenScript -->
